A51 MACRO ASSEMBLER  SQR                                                                  03/30/2025 22:58:46 PAGE     1


MACRO ASSEMBLER A51 V8.2.7.0
OBJECT MODULE PLACED IN .\Objects\sqr.obj
ASSEMBLER INVOKED BY: C:\Users\stell\AppData\Local\Keil_v5\C51\BIN\A51.EXE sqr.a51 SET(SMALL) DEBUG PRINT(.\Listings\sqr
                      .lst) OBJECT(.\Objects\sqr.obj) EP

LOC  OBJ            LINE     SOURCE

                       1     ?PR?SQR SEGMENT CODE
----                   2             RSEG    ?PR?SQR
                       3     
1000                   4     ORG 1000H
                       5             
                       6             PUBLIC SQR
                       7                     
1000                   8             SQR:
1000 ED                9             MOV A, R5
1001 F5F0             10             MOV B, A
1003 A4               11             MUL AB
1004 F8               12             MOV R0, A
1005 A9F0             13             MOV R1, B
1007 EF               14             MOV A, R7
1008 F5F0             15             MOV B, A
100A A4               16             MUL AB
100B AAF0             17             MOV R2, B
100D 88F0             18             MOV B, R0
100F 25F0             19             ADD A, B
1011 FF               20             MOV R7, A
1012 E9               21             MOV A, R1
1013 8AF0             22             MOV B, R2
1015 25F0             23             ADD A, B
1017 FE               24             MOV R6, A
1018 22               25             RET
                      26             
                      27     END
A51 MACRO ASSEMBLER  SQR                                                                  03/30/2025 22:58:46 PAGE     2

SYMBOL TABLE LISTING
------ ----- -------


N A M E             T Y P E  V A L U E   ATTRIBUTES

?PR?SQR. . . . . .  C SEG    1019H       REL=UNIT
B. . . . . . . . .  D ADDR   00F0H   A   
SQR. . . . . . . .  C ADDR   1000H   R   SEG=?PR?SQR


REGISTER BANK(S) USED: 0 


ASSEMBLY COMPLETE.  0 WARNING(S), 0 ERROR(S)
