C51 COMPILER V9.60.7.0   MAIN                                                              03/30/2025 21:53:12 PAGE 1   


C51 COMPILER V9.60.7.0, COMPILATION OF MODULE MAIN
OBJECT MODULE PLACED IN .\Objects\main.obj
COMPILER INVOKED BY: C:\Users\stell\AppData\Local\Keil_v5\C51\BIN\C51.EXE main.c OPTIMIZE(8,SPEED) BROWSE DEBUG OBJECTEX
                    -TEND PRINT(.\Listings\main.lst) TABS(2) OBJECT(.\Objects\main.obj)

line level    source

   1          #include <reg51.h>
   2          
   3          extern int sqr_C(int a, int b);
   4          extern int sqr_ASM(int a, int b);
   5          
   6          int main() {
   7   1        int a = 3;
   8   1        int b = 4;
   9   1        int c = 0;
  10   1        c = sqr_C(a, b);
  11   1        c = 0;
  12   1        c = sqr_ASM(a, b);
  13   1        return 0;
  14   1      }


MODULE INFORMATION:   STATIC OVERLAYABLE
   CODE SIZE        =     40    ----
   CONSTANT SIZE    =   ----    ----
   XDATA SIZE       =   ----    ----
   PDATA SIZE       =   ----    ----
   DATA SIZE        =   ----       4
   IDATA SIZE       =   ----    ----
   BIT SIZE         =   ----    ----
END OF MODULE INFORMATION.


C51 COMPILATION COMPLETE.  0 WARNING(S),  0 ERROR(S)
