A51 MACRO ASSEMBLER  HW5_3                                                                04/13/2025 15:38:47 PAGE     1


MACRO ASSEMBLER A51 V8.2.7.0
OBJECT MODULE PLACED IN .\Objects\hw5-3.obj
ASSEMBLER INVOKED BY: C:\Users\stell\AppData\Local\Keil_v5\C51\BIN\A51.EXE hw5-3.a51 SET(SMALL) DEBUG PRINT(.\Listings\h
                      w5-3.lst) OBJECT(.\Objects\hw5-3.obj) EP

LOC  OBJ            LINE     SOURCE

0000                   1     ORG 0000H
0000 020100            2     LJMP MAIN
                       3     
000B                   4     ORG 000BH
000B 020111            5     LJMP DVT0
                       6     
0100                   7     ORG 0100H
0100                   8             MAIN:
0100 758901            9             MOV TMOD, #00000001B
0103 758CD8           10             MOV TH0, #0D8H
0106 758AF0           11             MOV TL0, #0F0H
0109 D2A9             12             SETB ET0
010B D2AF             13             SETB EA
010D D28C             14             SETB TR0
010F 80FE             15             SJMP $
                      16                     
0111                  17             DVT0:
0111 B290             18             CPL P1.0
0113 758CD8           19             MOV TH0, #0D8H
0116 758AF0           20             MOV TL0, #0F0H
0119 32               21             RETI
                      22     
                      23     END
A51 MACRO ASSEMBLER  HW5_3                                                                04/13/2025 15:38:47 PAGE     2

SYMBOL TABLE LISTING
------ ----- -------


N A M E             T Y P E  V A L U E   ATTRIBUTES

DVT0 . . . . . . .  C ADDR   0111H   A   
EA . . . . . . . .  B ADDR   00A8H.7 A   
ET0. . . . . . . .  B ADDR   00A8H.1 A   
MAIN . . . . . . .  C ADDR   0100H   A   
P1 . . . . . . . .  D ADDR   0090H   A   
TH0. . . . . . . .  D ADDR   008CH   A   
TL0. . . . . . . .  D ADDR   008AH   A   
TMOD . . . . . . .  D ADDR   0089H   A   
TR0. . . . . . . .  B ADDR   0088H.4 A   


REGISTER BANK(S) USED: 0 


ASSEMBLY COMPLETE.  0 WARNING(S), 0 ERROR(S)
