A51 MACRO ASSEMBLER  HW4_1_2                                                              03/30/2025 16:58:31 PAGE     1


MACRO ASSEMBLER A51 V8.2.7.0
OBJECT MODULE PLACED IN .\Objects\hw4-1-2.obj
ASSEMBLER INVOKED BY: C:\Users\stell\AppData\Local\Keil_v5\C51\BIN\A51.EXE hw4-1-2.a51 SET(SMALL) DEBUG PRINT(.\Listings
                      \hw4-1-2.lst) OBJECT(.\Objects\hw4-1-2.obj) EP

LOC  OBJ            LINE     SOURCE

0000                   1     ORG 0000H
0000 020050            2     LJMP START
                       3     
0050                   4     ORG 0050H
0050                   5             START:
0050 753000            6             MOV 30H, #00000000 ;0
0053 E530              7             MOV A, 30H
0055 6010              8             JZ EQUAL_ZERO
0057 5480              9             ANL A, #10000000B
0059 6009             10             JZ PLUS_ZERO
005B 7405             11             MOV A, #05H
005D 2530             12             ADD A, 30H
005F F530             13             MOV 30H, A
0061 02006D           14             LJMP ED
                      15             
0064                  16             PLUS_ZERO:
0064 02006D           17             LJMP ED
                      18             
0067                  19             EQUAL_ZERO:
0067 753020           20             MOV 30H, #20H
006A 02006D           21             LJMP ED
                      22             
006D                  23             ED:
006D 80FE             24             SJMP $
                      25                     
                      26     END
                                     
                                     
A51 MACRO ASSEMBLER  HW4_1_2                                                              03/30/2025 16:58:31 PAGE     2

SYMBOL TABLE LISTING
------ ----- -------


N A M E             T Y P E  V A L U E   ATTRIBUTES

ED . . . . . . . .  C ADDR   006DH   A   
EQUAL_ZERO . . . .  C ADDR   0067H   A   
PLUS_ZERO. . . . .  C ADDR   0064H   A   
START. . . . . . .  C ADDR   0050H   A   


REGISTER BANK(S) USED: 0 


ASSEMBLY COMPLETE.  0 WARNING(S), 0 ERROR(S)
